<?xml version="1.0" encoding="UTF-8"?>
<testsuite xmlns:xsi="http://www.w3.org/2001/XMLSchema-instance" xsi:noNamespaceSchemaLocation="https://maven.apache.org/surefire/maven-surefire-plugin/xsd/surefire-test-report-3.0.xsd" version="3.0" name="TestSuite" time="11.156" tests="7" errors="0" skipped="0" failures="0">
  <properties>
[...]
</properties>
  <testcase name="AddUser[public void Tests.NAGPAllTests.AddUser(java.lang.reflect.Method)](1)" classname="Tests.NAGPAllTests" time="2.358">
    <system-err><![CDATA[Mar 07, 2023 3:13:55 PM Tests.NAGPAllTests AddUser
INFO: -----------Starting Execution For:AddUser
Mar 07, 2023 3:13:55 PM Tests.NAGPAllTests AddUser
INFO: -----------Hitting Post /users-----------------------
Mar 07, 2023 3:13:57 PM Tests.NAGPAllTests AddUser
INFO: -----------Asserting for Status code-----------------------
Mar 07, 2023 3:13:57 PM Tests.NAGPAllTests AddUser
INFO: -----------Asserting for field values to be not null-----------------------
Mar 07, 2023 3:13:57 PM Tests.NAGPAllTests AddUser
INFO: -----------Asserting Successful, Test Passed-----------------------
]]></system-err>
  </testcase>
  <testcase name="AddUserInvalidEmail[public void Tests.NAGPAllTests.AddUserInvalidEmail(java.lang.reflect.Method) throws java.io.IOException](1)" classname="Tests.NAGPAllTests" time="1.284">
    <system-err><![CDATA[Mar 07, 2023 3:13:57 PM Tests.NAGPAllTests AddUserInvalidEmail
INFO: -----------Starting Execution For:AddUserInvalidEmail
Mar 07, 2023 3:13:59 PM Tests.NAGPAllTests AddUserInvalidEmail
INFO: -----------Asserting for status code and error message-----------------------
Mar 07, 2023 3:13:59 PM Tests.NAGPAllTests AddUserInvalidEmail
INFO: -----------Asserting Successful, Test Passed-----------------------
]]></system-err>
  </testcase>
  <testcase name="GetUser[public void Tests.NAGPAllTests.GetUser(java.lang.reflect.Method) throws java.lang.Exception](1)" classname="Tests.NAGPAllTests" time="0.785">
    <system-err><![CDATA[Mar 07, 2023 3:13:59 PM Tests.NAGPAllTests GetUser
INFO: -----------Starting Execution For:GetUser
Mar 07, 2023 3:13:59 PM Tests.NAGPAllTests GetUser
INFO: -----------Hitting Get Users API-------------
Mar 07, 2023 3:13:59 PM Tests.NAGPAllTests GetUser
INFO: -----------Asserting Status Code-------------
Mar 07, 2023 3:13:59 PM Tests.NAGPAllTests GetUser
INFO: -----------Response Parsed-------------
Mar 07, 2023 3:13:59 PM Tests.NAGPAllTests GetUser
INFO: -----------Asserting All Fields In The POJO-------------
Mar 07, 2023 3:13:59 PM Tests.NAGPAllTests GetUser
INFO: -----------Assertion Successful-------------
]]></system-err>
  </testcase>
  <testcase name="FollowActivity[public void Tests.NAGPAllTests.FollowActivity(java.lang.reflect.Method)](1)" classname="Tests.NAGPAllTests" time="2.042">
    <system-err><![CDATA[Mar 07, 2023 3:13:59 PM Tests.NAGPAllTests FollowActivity
INFO: -----------Starting Execution For:FollowActivity
Mar 07, 2023 3:13:59 PM Tests.NAGPAllTests FollowActivity
INFO: -----------Hitting get list quotes-----------------------
Mar 07, 2023 3:14:01 PM Tests.NAGPAllTests FollowActivity
INFO: -----------Asserting for Status code-----------------------
Mar 07, 2023 3:14:01 PM Tests.NAGPAllTests FollowActivity
INFO: -----------Asserting for Quote Nodes To Be Not Null-----------------------
Mar 07, 2023 3:14:01 PM Tests.NAGPAllTests FollowActivity
INFO: -----------Extracting Random Author Name From The Response-----------------------
Mar 07, 2023 3:14:01 PM Tests.NAGPAllTests FollowActivity
INFO: -----------Hitting Follow Activity API With Above Extracted Author Name-----------------------
Mar 07, 2023 3:14:01 PM Tests.NAGPAllTests FollowActivity
INFO: -----------Asserting for Status code-----------------------
Mar 07, 2023 3:14:01 PM Tests.NAGPAllTests FollowActivity
INFO: -----------Asserting Successful, Test Passed-----------------------
]]></system-err>
  </testcase>
  <testcase name="GetActivity[public void Tests.NAGPAllTests.GetActivity(java.lang.reflect.Method)](1)" classname="Tests.NAGPAllTests" time="1.097">
    <system-err><![CDATA[Mar 07, 2023 3:14:01 PM Tests.NAGPAllTests GetActivity
INFO: -----------Starting Execution For:GetActivity
Mar 07, 2023 3:14:01 PM Tests.NAGPAllTests GetActivity
INFO: -----------Hitting Get Users API-------------
Mar 07, 2023 3:14:02 PM Tests.NAGPAllTests GetActivity
INFO: -----------Asserting Status Code-------------
Mar 07, 2023 3:14:02 PM Tests.NAGPAllTests GetActivity
INFO: -----------Response Parsed-------------
Mar 07, 2023 3:14:03 PM Tests.NAGPAllTests GetActivity
INFO: -----------Iterating On Activity Nodes------------
Mar 07, 2023 3:14:03 PM Tests.NAGPAllTests GetActivity
INFO: -----------Assertion Successful-------------
]]></system-err>
  </testcase>
  <testcase name="UnFollowActivity[public void Tests.NAGPAllTests.UnFollowActivity(java.lang.reflect.Method)](1)" classname="Tests.NAGPAllTests" time="0.878">
    <system-err><![CDATA[Mar 07, 2023 3:14:03 PM Tests.NAGPAllTests UnFollowActivity
INFO: -----------Starting Execution For:UnFollowActivity
Mar 07, 2023 3:14:03 PM Tests.NAGPAllTests UnFollowActivity
INFO: -----------Hitting get list quotes-----------------------
Mar 07, 2023 3:14:03 PM Tests.NAGPAllTests UnFollowActivity
INFO: -----------Asserting for Status code-----------------------
Mar 07, 2023 3:14:03 PM Tests.NAGPAllTests UnFollowActivity
INFO: -----------Asserting Successful, Test Passed-----------------------
]]></system-err>
  </testcase>
  <testcase name="DeleteActivity[public void Tests.NAGPAllTests.DeleteActivity(java.lang.reflect.Method)](1)" classname="Tests.NAGPAllTests" time="0.937">
    <system-err><![CDATA[Mar 07, 2023 3:14:03 PM Tests.NAGPAllTests DeleteActivity
INFO: -----------Starting Execution For:DeleteActivity
Mar 07, 2023 3:14:03 PM Tests.NAGPAllTests DeleteActivity
INFO: -----------Hitting get list quotes-----------------------
Mar 07, 2023 3:14:04 PM Tests.NAGPAllTests DeleteActivity
INFO: -----------Asserting for Status code-----------------------
Mar 07, 2023 3:14:04 PM Tests.NAGPAllTests DeleteActivity
INFO: -----------Asserting Successful, Test Passed-----------------------
]]></system-err>
  </testcase>
</testsuite>